<?xml version="1.0" encoding="UTF-8"?>
<!-- Generated by org.testng.reporters.JUnitReportReporter -->
<testsuite skipped="0" hostname="WINCTRL-15NDKGS" name="scripts.TestInValidLogin" tests="2" failures="0" timestamp="09 Feb 2019 20:32:14 GMT" time="131.582" errors="0">
  <testcase name="inValidLogin" time="69.155" classname="scripts.TestInValidLogin"/>
  <testcase name="inValidLogin" time="62.427" classname="scripts.TestInValidLogin"/>
</testsuite> <!-- scripts.TestInValidLogin -->
