<?xml version="1.0" encoding="UTF-8"?>
<!-- Generated by org.testng.reporters.JUnitReportReporter -->
<testsuite skipped="0" hostname="WINCTRL-15NDKGS" name="scripts.TestValidLogin" tests="2" failures="0" timestamp="09 Feb 2019 20:32:14 GMT" time="55.814" errors="0">
  <testcase name="validLogin" time="17.399" classname="scripts.TestValidLogin"/>
  <testcase name="validLogin" time="38.415" classname="scripts.TestValidLogin"/>
</testsuite> <!-- scripts.TestValidLogin -->
